c:\users\rogue\onedrive\desktop\itp485\labs-meganfriedenberg\lab11_bloom\engine\x64\debug\engine.pch
c:\users\rogue\onedrive\desktop\itp485\labs-meganfriedenberg\lab11_bloom\x64\debug\engine.pdb
c:\users\rogue\onedrive\desktop\itp485\labs-meganfriedenberg\lab11_bloom\x64\debug\engine.idb
c:\users\rogue\onedrive\desktop\itp485\labs-meganfriedenberg\lab11_bloom\engine\x64\debug\stdafx.obj
c:\users\rogue\onedrive\desktop\itp485\labs-meganfriedenberg\lab11_bloom\engine\x64\debug\renderobj.obj
c:\users\rogue\onedrive\desktop\itp485\labs-meganfriedenberg\lab11_bloom\engine\x64\debug\rendercube.obj
c:\users\rogue\onedrive\desktop\itp485\labs-meganfriedenberg\lab11_bloom\engine\x64\debug\profiler.obj
c:\users\rogue\onedrive\desktop\itp485\labs-meganfriedenberg\lab11_bloom\engine\x64\debug\physics.obj
c:\users\rogue\onedrive\desktop\itp485\labs-meganfriedenberg\lab11_bloom\engine\x64\debug\myclass.obj
c:\users\rogue\onedrive\desktop\itp485\labs-meganfriedenberg\lab11_bloom\engine\x64\debug\mesh.obj
c:\users\rogue\onedrive\desktop\itp485\labs-meganfriedenberg\lab11_bloom\engine\x64\debug\material.obj
c:\users\rogue\onedrive\desktop\itp485\labs-meganfriedenberg\lab11_bloom\engine\x64\debug\jsonutil.obj
c:\users\rogue\onedrive\desktop\itp485\labs-meganfriedenberg\lab11_bloom\engine\x64\debug\jobmanager.obj
c:\users\rogue\onedrive\desktop\itp485\labs-meganfriedenberg\lab11_bloom\engine\x64\debug\job.obj
c:\users\rogue\onedrive\desktop\itp485\labs-meganfriedenberg\lab11_bloom\engine\x64\debug\graphics.obj
c:\users\rogue\onedrive\desktop\itp485\labs-meganfriedenberg\lab11_bloom\engine\x64\debug\enginemath_unittest.obj
c:\users\rogue\onedrive\desktop\itp485\labs-meganfriedenberg\lab11_bloom\engine\x64\debug\enginemath.obj
c:\users\rogue\onedrive\desktop\itp485\labs-meganfriedenberg\lab11_bloom\engine\x64\debug\dbgassert.obj
c:\users\rogue\onedrive\desktop\itp485\labs-meganfriedenberg\lab11_bloom\engine\x64\debug\component.obj
c:\users\rogue\onedrive\desktop\itp485\labs-meganfriedenberg\lab11_bloom\engine\x64\debug\collisionbox.obj
c:\users\rogue\onedrive\desktop\itp485\labs-meganfriedenberg\lab11_bloom\engine\x64\debug\camera.obj
c:\users\rogue\onedrive\desktop\itp485\labs-meganfriedenberg\lab11_bloom\engine\x64\debug\bonetransform.obj
c:\users\rogue\onedrive\desktop\itp485\labs-meganfriedenberg\lab11_bloom\engine\x64\debug\assetmanager.obj
c:\users\rogue\onedrive\desktop\itp485\labs-meganfriedenberg\lab11_bloom\engine\x64\debug\animation.obj
c:\users\rogue\onedrive\desktop\itp485\labs-meganfriedenberg\lab11_bloom\engine\x64\debug\worker.obj
c:\users\rogue\onedrive\desktop\itp485\labs-meganfriedenberg\lab11_bloom\engine\x64\debug\vertexbuffer.obj
c:\users\rogue\onedrive\desktop\itp485\labs-meganfriedenberg\lab11_bloom\engine\x64\debug\texture.obj
c:\users\rogue\onedrive\desktop\itp485\labs-meganfriedenberg\lab11_bloom\engine\x64\debug\stringutil.obj
c:\users\rogue\onedrive\desktop\itp485\labs-meganfriedenberg\lab11_bloom\engine\x64\debug\skinnedobj.obj
c:\users\rogue\onedrive\desktop\itp485\labs-meganfriedenberg\lab11_bloom\engine\x64\debug\skeleton.obj
c:\users\rogue\onedrive\desktop\itp485\labs-meganfriedenberg\lab11_bloom\engine\x64\debug\simplerotate.obj
c:\users\rogue\onedrive\desktop\itp485\labs-meganfriedenberg\lab11_bloom\engine\x64\debug\shader.obj
c:\users\rogue\onedrive\desktop\itp485\labs-meganfriedenberg\lab12_geometryshader\engine\x64\debug\engine.pch
c:\users\rogue\onedrive\desktop\itp485\labs-meganfriedenberg\lab12_geometryshader\x64\debug\engine.pdb
c:\users\rogue\onedrive\desktop\itp485\labs-meganfriedenberg\lab12_geometryshader\x64\debug\engine.idb
c:\users\rogue\onedrive\desktop\itp485\labs-meganfriedenberg\lab12_geometryshader\engine\x64\debug\stdafx.obj
c:\users\rogue\onedrive\desktop\itp485\labs-meganfriedenberg\lab12_geometryshader\engine\x64\debug\renderobj.obj
c:\users\rogue\onedrive\desktop\itp485\labs-meganfriedenberg\lab12_geometryshader\engine\x64\debug\rendercube.obj
c:\users\rogue\onedrive\desktop\itp485\labs-meganfriedenberg\lab12_geometryshader\engine\x64\debug\profiler.obj
c:\users\rogue\onedrive\desktop\itp485\labs-meganfriedenberg\lab12_geometryshader\engine\x64\debug\physics.obj
c:\users\rogue\onedrive\desktop\itp485\labs-meganfriedenberg\lab12_geometryshader\engine\x64\debug\myclass.obj
c:\users\rogue\onedrive\desktop\itp485\labs-meganfriedenberg\lab12_geometryshader\engine\x64\debug\mesh.obj
c:\users\rogue\onedrive\desktop\itp485\labs-meganfriedenberg\lab12_geometryshader\engine\x64\debug\material.obj
c:\users\rogue\onedrive\desktop\itp485\labs-meganfriedenberg\lab12_geometryshader\engine\x64\debug\jsonutil.obj
c:\users\rogue\onedrive\desktop\itp485\labs-meganfriedenberg\lab12_geometryshader\engine\x64\debug\jobmanager.obj
c:\users\rogue\onedrive\desktop\itp485\labs-meganfriedenberg\lab12_geometryshader\engine\x64\debug\job.obj
c:\users\rogue\onedrive\desktop\itp485\labs-meganfriedenberg\lab12_geometryshader\engine\x64\debug\graphics.obj
c:\users\rogue\onedrive\desktop\itp485\labs-meganfriedenberg\lab12_geometryshader\engine\x64\debug\enginemath_unittest.obj
c:\users\rogue\onedrive\desktop\itp485\labs-meganfriedenberg\lab12_geometryshader\engine\x64\debug\enginemath.obj
c:\users\rogue\onedrive\desktop\itp485\labs-meganfriedenberg\lab12_geometryshader\engine\x64\debug\dbgassert.obj
c:\users\rogue\onedrive\desktop\itp485\labs-meganfriedenberg\lab12_geometryshader\engine\x64\debug\component.obj
c:\users\rogue\onedrive\desktop\itp485\labs-meganfriedenberg\lab12_geometryshader\engine\x64\debug\collisionbox.obj
c:\users\rogue\onedrive\desktop\itp485\labs-meganfriedenberg\lab12_geometryshader\engine\x64\debug\camera.obj
c:\users\rogue\onedrive\desktop\itp485\labs-meganfriedenberg\lab12_geometryshader\engine\x64\debug\bonetransform.obj
c:\users\rogue\onedrive\desktop\itp485\labs-meganfriedenberg\lab12_geometryshader\engine\x64\debug\assetmanager.obj
c:\users\rogue\onedrive\desktop\itp485\labs-meganfriedenberg\lab12_geometryshader\engine\x64\debug\animation.obj
c:\users\rogue\onedrive\desktop\itp485\labs-meganfriedenberg\lab12_geometryshader\engine\x64\debug\worker.obj
c:\users\rogue\onedrive\desktop\itp485\labs-meganfriedenberg\lab12_geometryshader\engine\x64\debug\vertexbuffer.obj
c:\users\rogue\onedrive\desktop\itp485\labs-meganfriedenberg\lab12_geometryshader\engine\x64\debug\texture.obj
c:\users\rogue\onedrive\desktop\itp485\labs-meganfriedenberg\lab12_geometryshader\engine\x64\debug\stringutil.obj
c:\users\rogue\onedrive\desktop\itp485\labs-meganfriedenberg\lab12_geometryshader\engine\x64\debug\skinnedobj.obj
c:\users\rogue\onedrive\desktop\itp485\labs-meganfriedenberg\lab12_geometryshader\engine\x64\debug\skeleton.obj
c:\users\rogue\onedrive\desktop\itp485\labs-meganfriedenberg\lab12_geometryshader\engine\x64\debug\simplerotate.obj
c:\users\rogue\onedrive\desktop\itp485\labs-meganfriedenberg\lab12_geometryshader\engine\x64\debug\shader.obj
c:\users\rogue\onedrive\desktop\itp485\labs-meganfriedenberg\lab11_bloom\x64\debug\engine.lib
c:\users\rogue\onedrive\desktop\itp485\labs-meganfriedenberg\lab12_geometryshader\x64\debug\engine.lib
c:\users\rogue\onedrive\desktop\itp485\labs-meganfriedenberg\lab12_geometryshader\engine\x64\debug\engine.tlog\cl.command.1.tlog
c:\users\rogue\onedrive\desktop\itp485\labs-meganfriedenberg\lab12_geometryshader\engine\x64\debug\engine.tlog\cl.read.1.tlog
c:\users\rogue\onedrive\desktop\itp485\labs-meganfriedenberg\lab12_geometryshader\engine\x64\debug\engine.tlog\cl.write.1.tlog
c:\users\rogue\onedrive\desktop\itp485\labs-meganfriedenberg\lab12_geometryshader\engine\x64\debug\engine.tlog\lib-link.read.1.tlog
c:\users\rogue\onedrive\desktop\itp485\labs-meganfriedenberg\lab12_geometryshader\engine\x64\debug\engine.tlog\lib-link.write.1.tlog
c:\users\rogue\onedrive\desktop\itp485\labs-meganfriedenberg\lab12_geometryshader\engine\x64\debug\engine.tlog\lib.command.1.tlog
