c:\users\rogue\onedrive\desktop\itp485\labs-meganfriedenberg\lab11_bloom\x64\debug\game.pch
c:\users\rogue\onedrive\desktop\itp485\labs-meganfriedenberg\lab11_bloom\x64\debug\vc143.pdb
c:\users\rogue\onedrive\desktop\itp485\labs-meganfriedenberg\lab11_bloom\x64\debug\vc143.idb
c:\users\rogue\onedrive\desktop\itp485\labs-meganfriedenberg\lab11_bloom\x64\debug\stdafx.obj
c:\users\rogue\onedrive\desktop\itp485\labs-meganfriedenberg\lab11_bloom\x64\debug\main.obj
c:\users\rogue\onedrive\desktop\itp485\labs-meganfriedenberg\lab11_bloom\x64\debug\pointlight.obj
c:\users\rogue\onedrive\desktop\itp485\labs-meganfriedenberg\lab11_bloom\x64\debug\player.obj
c:\users\rogue\onedrive\desktop\itp485\labs-meganfriedenberg\lab11_bloom\x64\debug\followcam.obj
c:\users\rogue\onedrive\desktop\itp485\labs-meganfriedenberg\lab11_bloom\x64\debug\character.obj
c:\users\rogue\onedrive\desktop\itp485\labs-meganfriedenberg\lab11_bloom\x64\debug\game.obj
c:\users\rogue\onedrive\desktop\itp485\labs-meganfriedenberg\lab12_geometryshader\x64\debug\game.pch
c:\users\rogue\onedrive\desktop\itp485\labs-meganfriedenberg\lab12_geometryshader\x64\debug\vc143.pdb
c:\users\rogue\onedrive\desktop\itp485\labs-meganfriedenberg\lab12_geometryshader\x64\debug\vc143.idb
c:\users\rogue\onedrive\desktop\itp485\labs-meganfriedenberg\lab12_geometryshader\x64\debug\stdafx.obj
c:\users\rogue\onedrive\desktop\itp485\labs-meganfriedenberg\lab12_geometryshader\x64\debug\player.obj
c:\users\rogue\onedrive\desktop\itp485\labs-meganfriedenberg\lab12_geometryshader\x64\debug\main.obj
c:\users\rogue\onedrive\desktop\itp485\labs-meganfriedenberg\lab12_geometryshader\x64\debug\game.obj
c:\users\rogue\onedrive\desktop\itp485\labs-meganfriedenberg\lab12_geometryshader\x64\debug\followcam.obj
c:\users\rogue\onedrive\desktop\itp485\labs-meganfriedenberg\lab12_geometryshader\x64\debug\pointlight.obj
c:\users\rogue\onedrive\desktop\itp485\labs-meganfriedenberg\lab12_geometryshader\x64\debug\character.obj
c:\users\rogue\onedrive\desktop\itp485\labs-meganfriedenberg\lab11_bloom\x64\debug\game.exe
c:\users\rogue\onedrive\desktop\itp485\labs-meganfriedenberg\lab11_bloom\x64\debug\game.ilk
c:\users\rogue\onedrive\desktop\itp485\labs-meganfriedenberg\lab11_bloom\x64\debug\game.pdb
c:\users\rogue\onedrive\desktop\itp485\labs-meganfriedenberg\lab12_geometryshader\x64\debug\game.exe
c:\users\rogue\onedrive\desktop\itp485\labs-meganfriedenberg\lab12_geometryshader\x64\debug\game.ilk
c:\users\rogue\onedrive\desktop\itp485\labs-meganfriedenberg\lab12_geometryshader\x64\debug\game.pdb
c:\users\rogue\onedrive\desktop\itp485\labs-meganfriedenberg\lab11_bloom\x64\debug\game.res
c:\users\rogue\onedrive\desktop\itp485\labs-meganfriedenberg\lab12_geometryshader\x64\debug\game.res
c:\users\rogue\onedrive\desktop\itp485\labs-meganfriedenberg\lab12_geometryshader\x64\debug\engine.idb
c:\users\rogue\onedrive\desktop\itp485\labs-meganfriedenberg\lab12_geometryshader\x64\debug\engine.pdb
c:\users\rogue\onedrive\desktop\itp485\labs-meganfriedenberg\lab12_geometryshader\x64\debug\game.tlog\cl.command.1.tlog
c:\users\rogue\onedrive\desktop\itp485\labs-meganfriedenberg\lab12_geometryshader\x64\debug\game.tlog\cl.read.1.tlog
c:\users\rogue\onedrive\desktop\itp485\labs-meganfriedenberg\lab12_geometryshader\x64\debug\game.tlog\cl.write.1.tlog
c:\users\rogue\onedrive\desktop\itp485\labs-meganfriedenberg\lab12_geometryshader\x64\debug\game.tlog\fxc.command.1.tlog
c:\users\rogue\onedrive\desktop\itp485\labs-meganfriedenberg\lab12_geometryshader\x64\debug\game.tlog\fxc.read.1.tlog
c:\users\rogue\onedrive\desktop\itp485\labs-meganfriedenberg\lab12_geometryshader\x64\debug\game.tlog\link.command.1.tlog
c:\users\rogue\onedrive\desktop\itp485\labs-meganfriedenberg\lab12_geometryshader\x64\debug\game.tlog\link.read.1.tlog
c:\users\rogue\onedrive\desktop\itp485\labs-meganfriedenberg\lab12_geometryshader\x64\debug\game.tlog\link.write.1.tlog
c:\users\rogue\onedrive\desktop\itp485\labs-meganfriedenberg\lab12_geometryshader\x64\debug\game.tlog\rc.command.1.tlog
c:\users\rogue\onedrive\desktop\itp485\labs-meganfriedenberg\lab12_geometryshader\x64\debug\game.tlog\rc.read.1.tlog
c:\users\rogue\onedrive\desktop\itp485\labs-meganfriedenberg\lab12_geometryshader\x64\debug\game.tlog\rc.write.1.tlog
